CLIENT    S    01:35:20.312554     DATA    0    CLIENT   RELAY2
CLIENT    S    01:35:20.313315     DATA    1    CLIENT   RELAY1
RELAY2    R    01:35:20.313303     DATA    0    CLIENT   RELAY2
CLIENT    S    01:35:20.313722     DATA    2    CLIENT   RELAY2
CLIENT    S    01:35:20.313950     DATA    3    CLIENT   RELAY1
RELAY1    R    01:35:20.313816     DATA    1    CLIENT   RELAY1
RELAY2    S    01:35:20.315474     DATA    0    RELAY2   SERVER
RELAY1    S    01:35:20.316107     DATA    1    RELAY1   SERVER
SERVER    R    01:35:20.315902     DATA    0    RELAY2   SERVER
SERVER    S    01:35:20.316236      ACK    0    SERVER   RELAY2
SERVER    R    01:35:20.316448     DATA    1    RELAY1   SERVER
RELAY2    R    01:35:20.316455      ACK    0    SERVER   RELAY2
SERVER    S    01:35:20.316799      ACK    1    SERVER   RELAY1
RELAY2    S    01:35:20.316849      ACK    0    RELAY2   CLIENT
CLIENT    R    01:35:20.317015      ACK    0    RELAY2   CLIENT
RELAY1    R    01:35:20.317017      ACK    1    SERVER   RELAY1
RELAY2    R    01:35:20.317025     DATA    2    CLIENT   RELAY2
RELAY1    S    01:35:20.317226      ACK    1    RELAY1   CLIENT
CLIENT    R    01:35:20.317379      ACK    1    RELAY1   CLIENT
RELAY1    R    01:35:20.317381     DATA    3    CLIENT   RELAY1
RELAY2    S    01:35:20.317775     DATA    2    RELAY2   SERVER
SERVER    R    01:35:20.318051     DATA    2    RELAY2   SERVER
SERVER    S    01:35:20.318169      ACK    2    SERVER   RELAY2
RELAY1    S    01:35:20.318338     DATA    3    RELAY1   SERVER
RELAY2    R    01:35:20.318430      ACK    2    SERVER   RELAY2
RELAY2    S    01:35:20.318542      ACK    2    RELAY2   CLIENT
SERVER    R    01:35:20.318606     DATA    3    RELAY1   SERVER
SERVER    S    01:35:20.318708      ACK    3    SERVER   RELAY1
CLIENT    R    01:35:20.318772      ACK    2    RELAY2   CLIENT
RELAY1    R    01:35:20.318909      ACK    3    SERVER   RELAY1
RELAY1    S    01:35:20.319020      ACK    3    RELAY1   CLIENT
CLIENT    R    01:35:20.319221      ACK    3    RELAY1   CLIENT
CLIENT    S    01:35:20.319466     DATA    4    CLIENT   RELAY2
CLIENT    S    01:35:20.319660     DATA    5    CLIENT   RELAY1
RELAY2    R    01:35:20.319668     DATA    4    CLIENT   RELAY2
CLIENT    S    01:35:20.319853     DATA    6    CLIENT   RELAY2
RELAY1    R    01:35:20.319870     DATA    5    CLIENT   RELAY1
CLIENT    S    01:35:20.320030     DATA    7    CLIENT   RELAY1
RELAY1    S    01:35:20.320559     DATA    5    RELAY1   SERVER
SERVER    R    01:35:20.320724     DATA    5    RELAY1   SERVER
SERVER    S    01:35:20.320812      ACK    5    SERVER   RELAY1
RELAY1    R    01:35:20.320954      ACK    5    SERVER   RELAY1
RELAY1    S    01:35:20.321040      ACK    5    RELAY1   CLIENT
CLIENT    R    01:35:20.321204      ACK    5    RELAY1   CLIENT
RELAY1    R    01:35:20.321206     DATA    7    CLIENT   RELAY1
RELAY2    S    01:35:20.322063     DATA    4    RELAY2   SERVER
RELAY1    S    01:35:20.322063     DATA    7    RELAY1   SERVER
SERVER    R    01:35:20.322380     DATA    4    RELAY2   SERVER
SERVER    S    01:35:20.322497      ACK    4    SERVER   RELAY2
RELAY2    R    01:35:20.322630      ACK    4    SERVER   RELAY2
SERVER    R    01:35:20.322674     DATA    7    RELAY1   SERVER
RELAY2    S    01:35:20.322726      ACK    4    RELAY2   CLIENT
SERVER    S    01:35:20.322771      ACK    7    SERVER   RELAY1
RELAY2    R    01:35:20.322861     DATA    6    CLIENT   RELAY2
CLIENT    R    01:35:20.322869      ACK    4    RELAY2   CLIENT
RELAY1    R    01:35:20.322892      ACK    7    SERVER   RELAY1
RELAY1    S    01:35:20.322991      ACK    7    RELAY1   CLIENT
CLIENT    R    01:35:20.323217      ACK    7    RELAY1   CLIENT
RELAY2    D    01:35:20.325366     DATA    6    CLIENT   RELAY2
CLIENT   TO    01:35:21.324248                           
CLIENT   RE    01:35:21.324866     DATA    6    CLIENT   RELAY2
RELAY2    R    01:35:21.325632     DATA    6    CLIENT   RELAY2
RELAY2    S    01:35:21.327403     DATA    6    RELAY2   SERVER
SERVER    R    01:35:21.328069     DATA    6    RELAY2   SERVER
SERVER    S    01:35:21.328416      ACK    6    SERVER   RELAY2
RELAY2    R    01:35:21.328904      ACK    6    SERVER   RELAY2
RELAY2    S    01:35:21.329230      ACK    6    RELAY2   CLIENT
CLIENT    R    01:35:21.329662      ACK    6    RELAY2   CLIENT
CLIENT    S    01:35:21.329945     DATA    8    CLIENT   RELAY2
CLIENT    S    01:35:21.330420     DATA    9    CLIENT   RELAY1
RELAY2    R    01:35:21.330439     DATA    8    CLIENT   RELAY2
RELAY1    R    01:35:21.331143     DATA    9    CLIENT   RELAY1
CLIENT    S    01:35:21.331242     DATA   10    CLIENT   RELAY2
CLIENT    S    01:35:21.331999     DATA   11    CLIENT   RELAY1
RELAY1    S    01:35:21.332310     DATA    9    RELAY1   SERVER
SERVER    R    01:35:21.332916     DATA    9    RELAY1   SERVER
RELAY2    S    01:35:21.332863     DATA    8    RELAY2   SERVER
SERVER    S    01:35:21.333363      ACK    9    SERVER   RELAY1
RELAY1    R    01:35:21.333809      ACK    9    SERVER   RELAY1
SERVER    R    01:35:21.333911     DATA    8    RELAY2   SERVER
RELAY1    S    01:35:21.334097      ACK    9    RELAY1   CLIENT
SERVER    S    01:35:21.334228      ACK    8    SERVER   RELAY2
CLIENT    R    01:35:21.334576      ACK    9    RELAY1   CLIENT
RELAY1    R    01:35:21.334587     DATA   11    CLIENT   RELAY1
RELAY2    R    01:35:21.334696      ACK    8    SERVER   RELAY2
RELAY2    S    01:35:21.335166      ACK    8    RELAY2   CLIENT
RELAY2    R    01:35:21.335627     DATA   10    CLIENT   RELAY2
CLIENT    R    01:35:21.335667      ACK    8    RELAY2   CLIENT
RELAY1    S    01:35:21.335985     DATA   11    RELAY1   SERVER
SERVER    R    01:35:21.336541     DATA   11    RELAY1   SERVER
SERVER    S    01:35:21.336835      ACK   11    SERVER   RELAY1
RELAY2    S    01:35:21.337154     DATA   10    RELAY2   SERVER
RELAY1    R    01:35:21.337306      ACK   11    SERVER   RELAY1
RELAY1    S    01:35:21.337612      ACK   11    RELAY1   CLIENT
SERVER    R    01:35:21.337733     DATA   10    RELAY2   SERVER
SERVER    S    01:35:21.338034      ACK   10    SERVER   RELAY2
CLIENT    R    01:35:21.338141      ACK   11    RELAY1   CLIENT
RELAY2    R    01:35:21.338485      ACK   10    SERVER   RELAY2
RELAY2    S    01:35:21.338809      ACK   10    RELAY2   CLIENT
CLIENT    R    01:35:21.339248      ACK   10    RELAY2   CLIENT
CLIENT    S    01:35:21.339532     DATA   12    CLIENT   RELAY2
CLIENT    S    01:35:21.339943     DATA   13    CLIENT   RELAY1
RELAY2    R    01:35:21.339989     DATA   12    CLIENT   RELAY2
RELAY1    R    01:35:21.340478     DATA   13    CLIENT   RELAY1
CLIENT    S    01:35:21.340531     DATA   14    CLIENT   RELAY2
CLIENT    S    01:35:21.341076     DATA   15    CLIENT   RELAY1
RELAY2    S    01:35:21.341558     DATA   12    RELAY2   SERVER
RELAY1    S    01:35:21.341585     DATA   13    RELAY1   SERVER
SERVER    R    01:35:21.342129     DATA   12    RELAY2   SERVER
SERVER    S    01:35:21.342345      ACK   12    SERVER   RELAY2
RELAY2    R    01:35:21.342622      ACK   12    SERVER   RELAY2
SERVER    R    01:35:21.342710     DATA   13    RELAY1   SERVER
RELAY2    S    01:35:21.342817      ACK   12    RELAY2   CLIENT
SERVER    S    01:35:21.343024      ACK   13    SERVER   RELAY1
RELAY1    R    01:35:21.343323      ACK   13    SERVER   RELAY1
CLIENT    R    01:35:21.343356      ACK   12    RELAY2   CLIENT
RELAY2    R    01:35:21.343370     DATA   14    CLIENT   RELAY2
RELAY1    S    01:35:21.343604      ACK   13    RELAY1   CLIENT
RELAY1    R    01:35:21.343982     DATA   15    CLIENT   RELAY1
CLIENT    R    01:35:21.344021      ACK   13    RELAY1   CLIENT
RELAY2    S    01:35:21.344595     DATA   14    RELAY2   SERVER
SERVER    R    01:35:21.345019     DATA   14    RELAY2   SERVER
SERVER    S    01:35:21.345233      ACK   14    SERVER   RELAY2
RELAY1    D    01:35:21.345504     DATA   15    CLIENT   RELAY1
RELAY2    R    01:35:21.345564      ACK   14    SERVER   RELAY2
RELAY2    S    01:35:21.345796      ACK   14    RELAY2   CLIENT
CLIENT    R    01:35:21.346144      ACK   14    RELAY2   CLIENT
CLIENT   TO    01:35:22.347021                           
CLIENT   RE    01:35:22.347314     DATA   15    CLIENT   RELAY1
RELAY1    R    01:35:22.347686     DATA   15    CLIENT   RELAY1
RELAY1    S    01:35:22.349062     DATA   15    RELAY1   SERVER
SERVER    R    01:35:22.349636     DATA   15    RELAY1   SERVER
SERVER    S    01:35:22.349895      ACK   15    SERVER   RELAY1
RELAY1    R    01:35:22.350284      ACK   15    SERVER   RELAY1
RELAY1    S    01:35:22.350487      ACK   15    RELAY1   CLIENT
CLIENT    R    01:35:22.350868      ACK   15    RELAY1   CLIENT
CLIENT    S    01:35:22.351076     DATA   16    CLIENT   RELAY2
RELAY2    R    01:35:22.351416     DATA   16    CLIENT   RELAY2
CLIENT    S    01:35:22.351441     DATA   17    CLIENT   RELAY1
RELAY1    R    01:35:22.351872     DATA   17    CLIENT   RELAY1
CLIENT    S    01:35:22.351931     DATA   18    CLIENT   RELAY2
CLIENT    S    01:35:22.352443     DATA   19    CLIENT   RELAY1
RELAY1    S    01:35:22.352794     DATA   17    RELAY1   SERVER
SERVER    R    01:35:22.353187     DATA   17    RELAY1   SERVER
RELAY2    S    01:35:22.353273     DATA   16    RELAY2   SERVER
SERVER    S    01:35:22.353402      ACK   17    SERVER   RELAY1
RELAY1    R    01:35:22.353660      ACK   17    SERVER   RELAY1
SERVER    R    01:35:22.353740     DATA   16    RELAY2   SERVER
RELAY1    S    01:35:22.353842      ACK   17    RELAY1   CLIENT
SERVER    S    01:35:22.353960      ACK   16    SERVER   RELAY2
CLIENT    R    01:35:22.354191      ACK   17    RELAY1   CLIENT
RELAY1    R    01:35:22.354198     DATA   19    CLIENT   RELAY1
RELAY2    R    01:35:22.354217      ACK   16    SERVER   RELAY2
RELAY2    S    01:35:22.354614      ACK   16    RELAY2   CLIENT
CLIENT    R    01:35:22.354995      ACK   16    RELAY2   CLIENT
RELAY2    R    01:35:22.355005     DATA   18    CLIENT   RELAY2
RELAY1    S    01:35:22.356333     DATA   19    RELAY1   SERVER
SERVER    R    01:35:22.356771     DATA   19    RELAY1   SERVER
SERVER    S    01:35:22.356978      ACK   19    SERVER   RELAY1
RELAY1    R    01:35:22.357358      ACK   19    SERVER   RELAY1
RELAY2    S    01:35:22.357311     DATA   18    RELAY2   SERVER
RELAY1    S    01:35:22.357572      ACK   19    RELAY1   CLIENT
SERVER    R    01:35:22.357806     DATA   18    RELAY2   SERVER
CLIENT    R    01:35:22.357936      ACK   19    RELAY1   CLIENT
SERVER    S    01:35:22.358012      ACK   18    SERVER   RELAY2
RELAY2    R    01:35:22.358273      ACK   18    SERVER   RELAY2
RELAY2    S    01:35:22.358454      ACK   18    RELAY2   CLIENT
CLIENT    R    01:35:22.358798      ACK   18    RELAY2   CLIENT
CLIENT    S    01:35:22.359021     DATA   20    CLIENT   RELAY2
CLIENT    S    01:35:22.359385     DATA   21    CLIENT   RELAY1
RELAY2    R    01:35:22.359352     DATA   20    CLIENT   RELAY2
RELAY1    R    01:35:22.359774     DATA   21    CLIENT   RELAY1
CLIENT    S    01:35:22.359798     DATA   22    CLIENT   RELAY2
CLIENT    S    01:35:22.360193     DATA   23    CLIENT   RELAY1
RELAY2    S    01:35:22.361506     DATA   20    RELAY2   SERVER
RELAY1    S    01:35:22.361552     DATA   21    RELAY1   SERVER
SERVER    R    01:35:22.361952     DATA   20    RELAY2   SERVER
SERVER    S    01:35:22.362185      ACK   20    SERVER   RELAY2
RELAY2    R    01:35:22.362596      ACK   20    SERVER   RELAY2
SERVER    R    01:35:22.362646     DATA   21    RELAY1   SERVER
RELAY2    S    01:35:22.362825      ACK   20    RELAY2   CLIENT
SERVER    S    01:35:22.362877      ACK   21    SERVER   RELAY1
RELAY2    R    01:35:22.363135     DATA   22    CLIENT   RELAY2
RELAY1    R    01:35:22.363145      ACK   21    SERVER   RELAY1
CLIENT    R    01:35:22.363197      ACK   20    RELAY2   CLIENT
RELAY1    S    01:35:22.363807      ACK   21    RELAY1   CLIENT
RELAY2    S    01:35:22.363805     DATA   22    RELAY2   SERVER
RELAY1    R    01:35:22.364487     DATA   23    CLIENT   RELAY1
CLIENT    R    01:35:22.364544      ACK   21    RELAY1   CLIENT
SERVER    R    01:35:22.364585     DATA   22    RELAY2   SERVER
SERVER    S    01:35:22.365112      ACK   22    SERVER   RELAY2
RELAY2    R    01:35:22.365455      ACK   22    SERVER   RELAY2
RELAY2    S    01:35:22.365654      ACK   22    RELAY2   CLIENT
CLIENT    R    01:35:22.366021      ACK   22    RELAY2   CLIENT
RELAY1    S    01:35:22.366992     DATA   23    RELAY1   SERVER
SERVER    R    01:35:22.367544     DATA   23    RELAY1   SERVER
SERVER    S    01:35:22.367785      ACK   23    SERVER   RELAY1
RELAY1    R    01:35:22.368169      ACK   23    SERVER   RELAY1
RELAY1    S    01:35:22.368375      ACK   23    RELAY1   CLIENT
CLIENT    R    01:35:22.368741      ACK   23    RELAY1   CLIENT
CLIENT    S    01:35:22.368949     DATA   24    CLIENT   RELAY2
RELAY2    R    01:35:22.369298     DATA   24    CLIENT   RELAY2
CLIENT    S    01:35:22.369355     DATA   25    CLIENT   RELAY1
RELAY1    R    01:35:22.369740     DATA   25    CLIENT   RELAY1
CLIENT    S    01:35:22.369767     DATA   26    CLIENT   RELAY2
RELAY2    S    01:35:22.370099     DATA   24    RELAY2   SERVER
CLIENT    S    01:35:22.370291     DATA   27    CLIENT   RELAY1
SERVER    R    01:35:22.370503     DATA   24    RELAY2   SERVER
SERVER    S    01:35:22.370712      ACK   24    SERVER   RELAY2
RELAY2    R    01:35:22.371056      ACK   24    SERVER   RELAY2
RELAY2    S    01:35:22.371262      ACK   24    RELAY2   CLIENT
RELAY2    R    01:35:22.371628     DATA   26    CLIENT   RELAY2
CLIENT    R    01:35:22.371613      ACK   24    RELAY2   CLIENT
RELAY1    S    01:35:22.372120     DATA   25    RELAY1   SERVER
SERVER    R    01:35:22.372558     DATA   25    RELAY1   SERVER
SERVER    S    01:35:22.372769      ACK   25    SERVER   RELAY1
RELAY2    S    01:35:22.372854     DATA   26    RELAY2   SERVER
RELAY1    R    01:35:22.373129      ACK   25    SERVER   RELAY1
SERVER    R    01:35:22.373260     DATA   26    RELAY2   SERVER
RELAY1    S    01:35:22.373337      ACK   25    RELAY1   CLIENT
SERVER    S    01:35:22.373485      ACK   26    SERVER   RELAY2
RELAY1    R    01:35:22.373666     DATA   27    CLIENT   RELAY1
CLIENT    R    01:35:22.373709      ACK   25    RELAY1   CLIENT
RELAY2    R    01:35:22.373780      ACK   26    SERVER   RELAY2
RELAY2    S    01:35:22.374043      ACK   26    RELAY2   CLIENT
CLIENT    R    01:35:22.374403      ACK   26    RELAY2   CLIENT
RELAY1    D    01:35:22.376111     DATA   27    CLIENT   RELAY1
CLIENT   TO    01:35:23.375093                           
CLIENT   RE    01:35:23.375673     DATA   27    CLIENT   RELAY1
RELAY1    R    01:35:23.376423     DATA   27    CLIENT   RELAY1
RELAY1    S    01:35:23.377642     DATA   27    RELAY1   SERVER
SERVER    R    01:35:23.378644     DATA   27    RELAY1   SERVER
SERVER    S    01:35:23.379110      ACK   27    SERVER   RELAY1
RELAY1    R    01:35:23.379777      ACK   27    SERVER   RELAY1
RELAY1    S    01:35:23.380226      ACK   27    RELAY1   CLIENT
CLIENT    R    01:35:23.381010      ACK   27    RELAY1   CLIENT
CLIENT    S    01:35:23.381475     DATA   28    CLIENT   RELAY2
RELAY2    R    01:35:23.382179     DATA   28    CLIENT   RELAY2
CLIENT    S    01:35:23.382222     DATA   29    CLIENT   RELAY1
RELAY1    R    01:35:23.383193     DATA   29    CLIENT   RELAY1
CLIENT    S    01:35:23.383243     DATA   30    CLIENT   RELAY2
RELAY2    S    01:35:23.383481     DATA   28    RELAY2   SERVER
SERVER    R    01:35:23.384232     DATA   28    RELAY2   SERVER
CLIENT    S    01:35:23.384255     DATA   31    CLIENT   RELAY1
SERVER    S    01:35:23.384775      ACK   28    SERVER   RELAY2
RELAY2    R    01:35:23.385400      ACK   28    SERVER   RELAY2
RELAY2    S    01:35:23.385828      ACK   28    RELAY2   CLIENT
CLIENT    R    01:35:23.386496      ACK   28    RELAY2   CLIENT
RELAY2    R    01:35:23.386545     DATA   30    CLIENT   RELAY2
RELAY1    S    01:35:23.386575     DATA   29    RELAY1   SERVER
SERVER    R    01:35:23.387484     DATA   29    RELAY1   SERVER
RELAY2    D    01:35:23.387913     DATA   30    CLIENT   RELAY2
SERVER    S    01:35:23.387958      ACK   29    SERVER   RELAY1
RELAY1    R    01:35:23.388813      ACK   29    SERVER   RELAY1
RELAY1    S    01:35:23.389259      ACK   29    RELAY1   CLIENT
CLIENT    R    01:35:23.389826      ACK   29    RELAY1   CLIENT
RELAY1    R    01:35:23.389828     DATA   31    CLIENT   RELAY1
RELAY1    S    01:35:23.391869     DATA   31    RELAY1   SERVER
SERVER    R    01:35:23.392401     DATA   31    RELAY1   SERVER
SERVER    S    01:35:23.392698      ACK   31    SERVER   RELAY1
RELAY1    R    01:35:23.393160      ACK   31    SERVER   RELAY1
RELAY1    S    01:35:23.393448      ACK   31    RELAY1   CLIENT
CLIENT    R    01:35:23.393932      ACK   31    RELAY1   CLIENT
CLIENT   TO    01:35:24.394956                           
CLIENT   RE    01:35:24.395545     DATA   30    CLIENT   RELAY2
RELAY2    R    01:35:24.396235     DATA   30    CLIENT   RELAY2
RELAY2    S    01:35:24.397405     DATA   30    RELAY2   SERVER
SERVER    R    01:35:24.398235     DATA   30    RELAY2   SERVER
SERVER    S    01:35:24.398709      ACK   30    SERVER   RELAY2
RELAY2    R    01:35:24.399398      ACK   30    SERVER   RELAY2
RELAY2    S    01:35:24.399786      ACK   30    RELAY2   CLIENT
CLIENT    R    01:35:24.400249      ACK   30    RELAY2   CLIENT
CLIENT    S    01:35:24.400554     DATA   32    CLIENT   RELAY2
RELAY2    R    01:35:24.400999     DATA   32    CLIENT   RELAY2
CLIENT    S    01:35:24.401035     DATA   33    CLIENT   RELAY1
RELAY1    R    01:35:24.401563     DATA   33    CLIENT   RELAY1
CLIENT    S    01:35:24.401590     DATA   34    CLIENT   RELAY2
CLIENT    S    01:35:24.402187     DATA   35    CLIENT   RELAY1
RELAY2    S    01:35:24.403387     DATA   32    RELAY2   SERVER
SERVER    R    01:35:24.403909     DATA   32    RELAY2   SERVER
SERVER    S    01:35:24.404212      ACK   32    SERVER   RELAY2
RELAY1    S    01:35:24.404449     DATA   33    RELAY1   SERVER
RELAY2    R    01:35:24.404742      ACK   32    SERVER   RELAY2
SERVER    R    01:35:24.404952     DATA   33    RELAY1   SERVER
RELAY2    S    01:35:24.404977      ACK   32    RELAY2   CLIENT
SERVER    S    01:35:24.405186      ACK   33    SERVER   RELAY1
CLIENT    R    01:35:24.405360      ACK   32    RELAY2   CLIENT
RELAY2    R    01:35:24.405399     DATA   34    CLIENT   RELAY2
RELAY1    R    01:35:24.405550      ACK   33    SERVER   RELAY1
RELAY1    S    01:35:24.405780      ACK   33    RELAY1   CLIENT
RELAY1    R    01:35:24.406165     DATA   35    CLIENT   RELAY1
RELAY2    S    01:35:24.406238     DATA   34    RELAY2   SERVER
CLIENT    R    01:35:24.406164      ACK   33    RELAY1   CLIENT
SERVER    R    01:35:24.406768     DATA   34    RELAY2   SERVER
SERVER    S    01:35:24.407048      ACK   34    SERVER   RELAY2
RELAY2    R    01:35:24.407364      ACK   34    SERVER   RELAY2
RELAY2    S    01:35:24.407669      ACK   34    RELAY2   CLIENT
CLIENT    R    01:35:24.408064      ACK   34    RELAY2   CLIENT
RELAY1    S    01:35:24.408283     DATA   35    RELAY1   SERVER
SERVER    R    01:35:24.408776     DATA   35    RELAY1   SERVER
SERVER    S    01:35:24.409000      ACK   35    SERVER   RELAY1
RELAY1    R    01:35:24.409375      ACK   35    SERVER   RELAY1
RELAY1    S    01:35:24.409890      ACK   35    RELAY1   CLIENT
CLIENT    R    01:35:24.410200      ACK   35    RELAY1   CLIENT
CLIENT    S    01:35:24.410392     DATA   36    CLIENT   RELAY2
RELAY2    R    01:35:24.410659     DATA   36    CLIENT   RELAY2
CLIENT    S    01:35:24.410689     DATA   37    CLIENT   RELAY1
RELAY1    R    01:35:24.411021     DATA   37    CLIENT   RELAY1
CLIENT    S    01:35:24.411056     DATA   38    CLIENT   RELAY2
CLIENT    S    01:35:24.411395     DATA   39    CLIENT   RELAY1
RELAY2    S    01:35:24.412379     DATA   36    RELAY2   SERVER
SERVER    R    01:35:24.412681     DATA   36    RELAY2   SERVER
SERVER    S    01:35:24.412834      ACK   36    SERVER   RELAY2
RELAY2    R    01:35:24.413098      ACK   36    SERVER   RELAY2
RELAY2    S    01:35:24.413252      ACK   36    RELAY2   CLIENT
RELAY1    S    01:35:24.413243     DATA   37    RELAY1   SERVER
CLIENT    R    01:35:24.413539      ACK   36    RELAY2   CLIENT
RELAY2    R    01:35:24.413561     DATA   38    CLIENT   RELAY2
SERVER    R    01:35:24.413616     DATA   37    RELAY1   SERVER
SERVER    S    01:35:24.413828      ACK   37    SERVER   RELAY1
RELAY1    R    01:35:24.414109      ACK   37    SERVER   RELAY1
RELAY1    S    01:35:24.414294      ACK   37    RELAY1   CLIENT
CLIENT    R    01:35:24.414591      ACK   37    RELAY1   CLIENT
RELAY1    R    01:35:24.414599     DATA   39    CLIENT   RELAY1
RELAY2    S    01:35:24.415384     DATA   38    RELAY2   SERVER
SERVER    R    01:35:24.415672     DATA   38    RELAY2   SERVER
SERVER    S    01:35:24.415813      ACK   38    SERVER   RELAY2
RELAY2    R    01:35:24.416058      ACK   38    SERVER   RELAY2
RELAY2    S    01:35:24.416196      ACK   38    RELAY2   CLIENT
CLIENT    R    01:35:24.416446      ACK   38    RELAY2   CLIENT
RELAY1    S    01:35:24.417835     DATA   39    RELAY1   SERVER
SERVER    R    01:35:24.418119     DATA   39    RELAY1   SERVER
SERVER    S    01:35:24.418260      ACK   39    SERVER   RELAY1
RELAY1    R    01:35:24.418514      ACK   39    SERVER   RELAY1
RELAY1    S    01:35:24.418654      ACK   39    RELAY1   CLIENT
CLIENT    R    01:35:24.418920      ACK   39    RELAY1   CLIENT
CLIENT    S    01:35:24.419062     DATA   40    CLIENT   RELAY2
RELAY2    R    01:35:24.419322     DATA   40    CLIENT   RELAY2
CLIENT    S    01:35:24.419367     DATA   41    CLIENT   RELAY1
RELAY1    R    01:35:24.419759     DATA   41    CLIENT   RELAY1
CLIENT    S    01:35:24.419782     DATA   42    CLIENT   RELAY2
CLIENT    S    01:35:24.420014     DATA   43    CLIENT   RELAY1
RELAY2    S    01:35:24.421321     DATA   40    RELAY2   SERVER
SERVER    R    01:35:24.421583     DATA   40    RELAY2   SERVER
SERVER    S    01:35:24.421702      ACK   40    SERVER   RELAY2
RELAY2    R    01:35:24.421931      ACK   40    SERVER   RELAY2
RELAY1    D    01:35:24.422025     DATA   41    CLIENT   RELAY1
RELAY2    S    01:35:24.422054      ACK   40    RELAY2   CLIENT
RELAY1    R    01:35:24.422163     DATA   43    CLIENT   RELAY1
CLIENT    R    01:35:24.422309      ACK   40    RELAY2   CLIENT
RELAY2    R    01:35:24.422329     DATA   42    CLIENT   RELAY2
RELAY2    S    01:35:24.423362     DATA   42    RELAY2   SERVER
SERVER    R    01:35:24.423690     DATA   42    RELAY2   SERVER
SERVER    S    01:35:24.423818      ACK   42    SERVER   RELAY2
RELAY2    R    01:35:24.423985      ACK   42    SERVER   RELAY2
RELAY2    S    01:35:24.424104      ACK   42    RELAY2   CLIENT
CLIENT    R    01:35:24.424315      ACK   42    RELAY2   CLIENT
RELAY1    S    01:35:24.424314     DATA   43    RELAY1   SERVER
SERVER    R    01:35:24.424600     DATA   43    RELAY1   SERVER
SERVER    S    01:35:24.424760      ACK   43    SERVER   RELAY1
RELAY1    R    01:35:24.424907      ACK   43    SERVER   RELAY1
RELAY1    S    01:35:24.425009      ACK   43    RELAY1   CLIENT
CLIENT    R    01:35:24.425224      ACK   43    RELAY1   CLIENT
CLIENT   TO    01:35:25.426157                           
CLIENT   RE    01:35:25.426740     DATA   41    CLIENT   RELAY1
RELAY1    R    01:35:25.427468     DATA   41    CLIENT   RELAY1
RELAY1    S    01:35:25.429398     DATA   41    RELAY1   SERVER
SERVER    R    01:35:25.430437     DATA   41    RELAY1   SERVER
SERVER    S    01:35:25.430916      ACK   41    SERVER   RELAY1
RELAY1    R    01:35:25.431628      ACK   41    SERVER   RELAY1
RELAY1    S    01:35:25.432078      ACK   41    RELAY1   CLIENT
CLIENT    R    01:35:25.432793      ACK   41    RELAY1   CLIENT
CLIENT    S    01:35:25.433260     DATA   44    CLIENT   RELAY2
RELAY2    R    01:35:25.433957     DATA   44    CLIENT   RELAY2
CLIENT    S    01:35:25.434008     DATA   45    CLIENT   RELAY1
RELAY1    R    01:35:25.434878     DATA   45    CLIENT   RELAY1
CLIENT    S    01:35:25.435009     DATA   46    CLIENT   RELAY2
RELAY2    S    01:35:25.436809     DATA   44    RELAY2   SERVER
RELAY1    S    01:35:25.437713     DATA   45    RELAY1   SERVER
SERVER    R    01:35:25.437839     DATA   44    RELAY2   SERVER
SERVER    S    01:35:25.438358      ACK   44    SERVER   RELAY2
RELAY2    R    01:35:25.439027      ACK   44    SERVER   RELAY2
SERVER    R    01:35:25.439139     DATA   45    RELAY1   SERVER
SERVER    S    01:35:25.439644      ACK   45    SERVER   RELAY1
RELAY2    S    01:35:25.439521      ACK   44    RELAY2   CLIENT
RELAY2    R    01:35:25.440647     DATA   46    CLIENT   RELAY2
RELAY1    R    01:35:25.440538      ACK   45    SERVER   RELAY1
CLIENT    R    01:35:25.440668      ACK   44    RELAY2   CLIENT
RELAY1    S    01:35:25.441567      ACK   45    RELAY1   CLIENT
CLIENT    R    01:35:25.442443      ACK   45    RELAY1   CLIENT
RELAY2    S    01:35:25.443771     DATA   46    RELAY2   SERVER
SERVER    R    01:35:25.444564     DATA   46    RELAY2   SERVER
SERVER    S    01:35:25.445050      ACK   46    SERVER   RELAY2
RELAY2    R    01:35:25.445688      ACK   46    SERVER   RELAY2
RELAY2    S    01:35:25.446102      ACK   46    RELAY2   CLIENT
CLIENT    R    01:35:25.446821      ACK   46    RELAY2   CLIENT

-----------------------------------------------------------------


